[2018-12-17 15:47:41] INFO [main: CodeCraft-2019.py, 21] car_path is config/car.txt
[2018-12-17 15:47:41] INFO [main: CodeCraft-2019.py, 22] road_path is config/road.txt
[2018-12-17 15:47:41] INFO [main: CodeCraft-2019.py, 23] cross_path is config/cross.txt
[2018-12-17 15:47:41] INFO [main: CodeCraft-2019.py, 24] answer_path is config/answer.txt[2019-03-18 15:22:28] INFO [main: CodeCraft-2019.py, 16] please input args: car_path, road_path, cross_path, answerPath
[2019-03-18 15:57:30] DEBUG [findfont: font_manager.py, 1343] findfont: Matching :family=sans-serif:style=normal:variant=normal:weight=normal:stretch=normal:size=10.0 to DejaVu Sans ('/usr/local/lib/python3.5/dist-packages/matplotlib/mpl-data/fonts/ttf/DejaVuSans.ttf') with score of 0.050000
[2019-03-18 15:57:30] DEBUG [findfont: font_manager.py, 1343] findfont: Matching :family=sans-serif:style=normal:variant=normal:weight=normal:stretch=normal:size=12.0 to DejaVu Sans ('/usr/local/lib/python3.5/dist-packages/matplotlib/mpl-data/fonts/ttf/DejaVuSans.ttf') with score of 0.050000
[2019-03-22 22:04:55] INFO [main: CodeCraft-2019.py, 23] car_path is ../config/car.txt
[2019-03-22 22:04:55] INFO [main: CodeCraft-2019.py, 24] road_path is ../config/road.txt
[2019-03-22 22:04:55] INFO [main: CodeCraft-2019.py, 25] cross_path is ../config/cross.txt
[2019-03-22 22:04:55] INFO [main: CodeCraft-2019.py, 26] answer_path is ../config/answer.txt
[2019-03-22 22:07:00] INFO [main: CodeCraft-2019.py, 24] car_path is ../config/car.txt
[2019-03-22 22:07:00] INFO [main: CodeCraft-2019.py, 25] road_path is ../config/road.txt
[2019-03-22 22:07:00] INFO [main: CodeCraft-2019.py, 26] cross_path is ../config/cross.txt
[2019-03-22 22:07:00] INFO [main: CodeCraft-2019.py, 27] answer_path is ../config/answer.txt
[2019-03-22 22:07:12] INFO [main: CodeCraft-2019.py, 24] car_path is ../config/car.txt
[2019-03-22 22:07:12] INFO [main: CodeCraft-2019.py, 25] road_path is ../config/road.txt
[2019-03-22 22:07:12] INFO [main: CodeCraft-2019.py, 26] cross_path is ../config/cross.txt
[2019-03-22 22:07:12] INFO [main: CodeCraft-2019.py, 27] answer_path is ../config/answer.txt
[2019-03-22 22:09:18] INFO [main: CodeCraft-2019.py, 24] car_path is ../config/car.txt
[2019-03-22 22:09:18] INFO [main: CodeCraft-2019.py, 25] road_path is ../config/road.txt
[2019-03-22 22:09:18] INFO [main: CodeCraft-2019.py, 26] cross_path is ../config/cross.txt
[2019-03-22 22:09:18] INFO [main: CodeCraft-2019.py, 27] answer_path is ../config/answer.txt
[2019-03-22 22:12:02] INFO [main: CodeCraft-2019.py, 24] car_path is ../config/car.txt
[2019-03-22 22:12:02] INFO [main: CodeCraft-2019.py, 25] road_path is ../config/road.txt
[2019-03-22 22:12:02] INFO [main: CodeCraft-2019.py, 26] cross_path is ../config/cross.txt
[2019-03-22 22:12:02] INFO [main: CodeCraft-2019.py, 27] answer_path is ../config/answer.txt
[2019-03-23 23:51:18] INFO [main: CodeCraft-2019.py, 20] please input args: car_path, road_path, cross_path, answerPath
[2019-03-23 23:51:31] INFO [main: CodeCraft-2019.py, 20] please input args: car_path, road_path, cross_path, answerPath
[2019-03-23 23:51:40] INFO [main: CodeCraft-2019.py, 20] please input args: car_path, road_path, cross_path, answerPath
[2019-03-23 23:54:43] INFO [main: CodeCraft-2019.py, 20] please input args: car_path, road_path, cross_path, answerPath
[2019-03-23 23:56:07] INFO [main: CodeCraft-2019.py, 20] please input args: car_path, road_path, cross_path, answerPath
[2019-03-23 23:56:48] INFO [main: CodeCraft-2019.py, 20] please input args: car_path, road_path, cross_path, answerPath
[2019-03-23 23:57:03] INFO [main: CodeCraft-2019.py, 20] please input args: car_path, road_path, cross_path, answerPath
[2019-03-23 23:57:44] INFO [main: CodeCraft-2019.py, 20] please input args: car_path, road_path, cross_path, answerPath
[2019-03-24 00:00:09] INFO [main: CodeCraft-2019.py, 20] please input args: car_path, road_path, cross_path, answerPath
[2019-03-24 00:04:11] INFO [main: CodeCraft-2019.py, 20] please input args: car_path, road_path, cross_path, answerPath
[2019-03-24 00:05:37] INFO [main: CodeCraft-2019.py, 20] please input args: car_path, road_path, cross_path, answerPath
[2019-03-24 00:05:47] INFO [main: CodeCraft-2019.py, 20] please input args: car_path, road_path, cross_path, answerPath
[2019-03-24 00:09:34] INFO [main: CodeCraft-2019.py, 21] please input args: car_path, road_path, cross_path, answerPath
[2019-03-24 00:10:12] INFO [main: CodeCraft-2019.py, 20] please input args: car_path, road_path, cross_path, answerPath
[2019-03-24 21:36:57] INFO [main: CodeCraft-2019.py, 23] car_path is ../config/car.txt
[2019-03-24 21:36:57] INFO [main: CodeCraft-2019.py, 24] road_path is ../config/road.txt
[2019-03-24 21:36:57] INFO [main: CodeCraft-2019.py, 25] cross_path is ../config/cross.txt
[2019-03-24 21:36:57] INFO [main: CodeCraft-2019.py, 26] answer_path is ../config/answer.txt
[2019-03-24 21:58:46] INFO [main: CodeCraft-2019.py, 15] please input args: car_path, road_path, cross_path, answerPath
[2019-03-24 21:58:56] INFO [main: CodeCraft-2019.py, 15] please input args: car_path, road_path, cross_path, answerPath
[2019-03-24 21:59:08] INFO [main: CodeCraft-2019.py, 15] please input args: car_path, road_path, cross_path, answerPath
[2019-03-25 00:03:17] INFO [main: CodeCraft-2019.py, 24] car_path is ../config/car.txt
[2019-03-25 00:03:17] INFO [main: CodeCraft-2019.py, 25] road_path is ../config/road.txt
[2019-03-25 00:03:17] INFO [main: CodeCraft-2019.py, 26] cross_path is ../config/cross.txt
[2019-03-25 00:03:17] INFO [main: CodeCraft-2019.py, 27] answer_path is ../config/answer.txt
[2019-03-25 10:18:58] INFO [main: CodeCraft-2019.py, 24] car_path is ../config/car.txt
[2019-03-25 10:18:58] INFO [main: CodeCraft-2019.py, 25] road_path is ../config/road.txt
[2019-03-25 10:18:58] INFO [main: CodeCraft-2019.py, 26] cross_path is ../config/cross.txt
[2019-03-25 10:18:58] INFO [main: CodeCraft-2019.py, 27] answer_path is ../config/answer.txt
[2019-03-25 10:27:14] INFO [main: CodeCraft-2019.py, 24] car_path is ../config/car.txt
[2019-03-25 10:27:14] INFO [main: CodeCraft-2019.py, 25] road_path is ../config/road.txt
[2019-03-25 10:27:14] INFO [main: CodeCraft-2019.py, 26] cross_path is ../config/cross.txt
[2019-03-25 10:27:14] INFO [main: CodeCraft-2019.py, 27] answer_path is ../config/answer.txt
